[
  {
    "line": 2,
    "elements": [
      {
        "line": 5,
        "name": "Creation page",
        "description": "",
        "type": "background",
        "keyword": "Background",
        "steps": []
      },
      {
        "start_timestamp": "2020-11-16T03:41:40.756Z",
        "line": 6,
        "name": "go to Create or edit a Customer",
        "description": "",
        "id": "address;go-to-create-or-edit-a-customer",
        "type": "scenario",
        "keyword": "Scenario",
        "steps": [
          {
            "result": {
              "duration": 20477000000,
              "status": "passed"
            },
            "line": 7,
            "name": "user go to GMI home page",
            "match": {
              "location": "gmibank_team06.step_definitions.US_010_Address_StepDef.user_go_to_GMI_home_page()"
            },
            "keyword": "Given "
          },
          {
            "result": {
              "duration": 228000000,
              "status": "passed"
            },
            "line": 8,
            "name": "user click sig in button",
            "match": {
              "location": "gmibank_team06.step_definitions.US_010_Address_StepDef.user_click_sig_in_button()"
            },
            "keyword": "And "
          },
          {
            "result": {
              "duration": 97000000,
              "status": "passed"
            },
            "line": 9,
            "name": "user enter valid username",
            "match": {
              "location": "gmibank_team06.step_definitions.US_010_Address_StepDef.user_enter_valid_username()"
            },
            "keyword": "And "
          },
          {
            "result": {
              "duration": 133000000,
              "status": "passed"
            },
            "line": 10,
            "name": "user enter valid password",
            "match": {
              "location": "gmibank_team06.step_definitions.US_010_Address_StepDef.user_enter_valid_password()"
            },
            "keyword": "And "
          },
          {
            "result": {
              "duration": 87000000,
              "status": "passed"
            },
            "line": 11,
            "name": "user click sign in button",
            "match": {
              "location": "gmibank_team06.step_definitions.US_010_Address_StepDef.user_click_sign_in_button()"
            },
            "keyword": "And "
          },
          {
            "result": {
              "error_message": "org.openqa.selenium.NoSuchElementException: no such element: Unable to locate element: {\"method\":\"xpath\",\"selector\":\"//*[@id\u003d\"entity-menu\"]/a/span\"}\n  (Session info: chrome\u003d86.0.4240.198)\nFor documentation on this error, please visit: https://www.seleniumhq.org/exceptions/no_such_element.html\nBuild info: version: \u00273.141.59\u0027, revision: \u0027e82be7d358\u0027, time: \u00272018-11-14T08:17:03\u0027\nSystem info: host: \u0027DESKTOP-5RBE1CE\u0027, ip: \u0027192.168.0.16\u0027, os.name: \u0027Windows 10\u0027, os.arch: \u0027amd64\u0027, os.version: \u002710.0\u0027, java.version: \u00271.8.0_261\u0027\nDriver info: org.openqa.selenium.chrome.ChromeDriver\nCapabilities {acceptInsecureCerts: false, browserName: chrome, browserVersion: 86.0.4240.198, chrome: {chromedriverVersion: 86.0.4240.22 (398b0743353ff..., userDataDir: C:\\Users\\Anulur\\AppData\\Loc...}, goog:chromeOptions: {debuggerAddress: localhost:59760}, javascriptEnabled: true, networkConnectionEnabled: false, pageLoadStrategy: normal, platform: WINDOWS, platformName: WINDOWS, proxy: Proxy(), setWindowRect: true, strictFileInteractability: false, timeouts: {implicit: 0, pageLoad: 300000, script: 30000}, unhandledPromptBehavior: dismiss and notify, webauthn:virtualAuthenticators: true}\nSession ID: 85a394d14b6e028509b7908c324239b7\n*** Element info: {Using\u003dxpath, value\u003d//*[@id\u003d\"entity-menu\"]/a/span}\r\n\tat sun.reflect.NativeConstructorAccessorImpl.newInstance0(Native Method)\r\n\tat sun.reflect.NativeConstructorAccessorImpl.newInstance(NativeConstructorAccessorImpl.java:62)\r\n\tat sun.reflect.DelegatingConstructorAccessorImpl.newInstance(DelegatingConstructorAccessorImpl.java:45)\r\n\tat java.lang.reflect.Constructor.newInstance(Constructor.java:423)\r\n\tat org.openqa.selenium.remote.http.W3CHttpResponseCodec.createException(W3CHttpResponseCodec.java:187)\r\n\tat org.openqa.selenium.remote.http.W3CHttpResponseCodec.decode(W3CHttpResponseCodec.java:122)\r\n\tat org.openqa.selenium.remote.http.W3CHttpResponseCodec.decode(W3CHttpResponseCodec.java:49)\r\n\tat org.openqa.selenium.remote.HttpCommandExecutor.execute(HttpCommandExecutor.java:158)\r\n\tat org.openqa.selenium.remote.service.DriverCommandExecutor.execute(DriverCommandExecutor.java:83)\r\n\tat org.openqa.selenium.remote.RemoteWebDriver.execute(RemoteWebDriver.java:552)\r\n\tat org.openqa.selenium.remote.RemoteWebDriver.findElement(RemoteWebDriver.java:323)\r\n\tat org.openqa.selenium.remote.RemoteWebDriver.findElementByXPath(RemoteWebDriver.java:428)\r\n\tat org.openqa.selenium.By$ByXPath.findElement(By.java:353)\r\n\tat org.openqa.selenium.remote.RemoteWebDriver.findElement(RemoteWebDriver.java:315)\r\n\tat org.openqa.selenium.support.pagefactory.DefaultElementLocator.findElement(DefaultElementLocator.java:69)\r\n\tat org.openqa.selenium.support.pagefactory.internal.LocatingElementHandler.invoke(LocatingElementHandler.java:38)\r\n\tat com.sun.proxy.$Proxy14.click(Unknown Source)\r\n\tat gmibank_team06.step_definitions.US_010_Address_StepDef.user_click_my_operation(US_010_Address_StepDef.java:45)\r\n\tat ✽.user click my operation(file:///C:/Users/Anulur/IdeaProjects/mytestNGframework/gmi_bank_app/src/test/resources/features/US_010_Address.feature:12)\r\n",
              "duration": 39000000,
              "status": "failed"
            },
            "line": 12,
            "name": "user click my operation",
            "match": {
              "location": "gmibank_team06.step_definitions.US_010_Address_StepDef.user_click_my_operation()"
            },
            "keyword": "And "
          },
          {
            "result": {
              "status": "skipped"
            },
            "line": 13,
            "name": "user click manage Customer",
            "match": {
              "location": "gmibank_team06.step_definitions.US_010_Address_StepDef.user_click_manage_Customer()"
            },
            "keyword": "And "
          },
          {
            "result": {
              "status": "skipped"
            },
            "line": 14,
            "name": "user click Create a new Customer button",
            "match": {
              "location": "gmibank_team06.step_definitions.US_010_Address_StepDef.user_click_Create_a_new_Customer_button()"
            },
            "keyword": "Then "
          }
        ],
        "tags": [
          {
            "name": "@User_story_010"
          }
        ]
      },
      {
        "line": 5,
        "name": "Creation page",
        "description": "",
        "type": "background",
        "keyword": "Background",
        "steps": []
      },
      {
        "start_timestamp": "2020-11-16T03:42:02.036Z",
        "line": 17,
        "name": "negative",
        "description": "",
        "id": "address;negative",
        "type": "scenario",
        "keyword": "Scenario",
        "steps": [
          {
            "result": {
              "error_message": "org.openqa.selenium.NoSuchElementException: no such element: Unable to locate element: {\"method\":\"css selector\",\"selector\":\"#tp\\-customer\\-address\"}\n  (Session info: chrome\u003d86.0.4240.198)\nFor documentation on this error, please visit: https://www.seleniumhq.org/exceptions/no_such_element.html\nBuild info: version: \u00273.141.59\u0027, revision: \u0027e82be7d358\u0027, time: \u00272018-11-14T08:17:03\u0027\nSystem info: host: \u0027DESKTOP-5RBE1CE\u0027, ip: \u0027192.168.0.16\u0027, os.name: \u0027Windows 10\u0027, os.arch: \u0027amd64\u0027, os.version: \u002710.0\u0027, java.version: \u00271.8.0_261\u0027\nDriver info: org.openqa.selenium.chrome.ChromeDriver\nCapabilities {acceptInsecureCerts: false, browserName: chrome, browserVersion: 86.0.4240.198, chrome: {chromedriverVersion: 86.0.4240.22 (398b0743353ff..., userDataDir: C:\\Users\\Anulur\\AppData\\Loc...}, goog:chromeOptions: {debuggerAddress: localhost:59760}, javascriptEnabled: true, networkConnectionEnabled: false, pageLoadStrategy: normal, platform: WINDOWS, platformName: WINDOWS, proxy: Proxy(), setWindowRect: true, strictFileInteractability: false, timeouts: {implicit: 0, pageLoad: 300000, script: 30000}, unhandledPromptBehavior: dismiss and notify, webauthn:virtualAuthenticators: true}\nSession ID: 85a394d14b6e028509b7908c324239b7\n*** Element info: {Using\u003did, value\u003dtp-customer-address}\r\n\tat sun.reflect.NativeConstructorAccessorImpl.newInstance0(Native Method)\r\n\tat sun.reflect.NativeConstructorAccessorImpl.newInstance(NativeConstructorAccessorImpl.java:62)\r\n\tat sun.reflect.DelegatingConstructorAccessorImpl.newInstance(DelegatingConstructorAccessorImpl.java:45)\r\n\tat java.lang.reflect.Constructor.newInstance(Constructor.java:423)\r\n\tat org.openqa.selenium.remote.http.W3CHttpResponseCodec.createException(W3CHttpResponseCodec.java:187)\r\n\tat org.openqa.selenium.remote.http.W3CHttpResponseCodec.decode(W3CHttpResponseCodec.java:122)\r\n\tat org.openqa.selenium.remote.http.W3CHttpResponseCodec.decode(W3CHttpResponseCodec.java:49)\r\n\tat org.openqa.selenium.remote.HttpCommandExecutor.execute(HttpCommandExecutor.java:158)\r\n\tat org.openqa.selenium.remote.service.DriverCommandExecutor.execute(DriverCommandExecutor.java:83)\r\n\tat org.openqa.selenium.remote.RemoteWebDriver.execute(RemoteWebDriver.java:552)\r\n\tat org.openqa.selenium.remote.RemoteWebDriver.findElement(RemoteWebDriver.java:323)\r\n\tat org.openqa.selenium.remote.RemoteWebDriver.findElementById(RemoteWebDriver.java:372)\r\n\tat org.openqa.selenium.By$ById.findElement(By.java:188)\r\n\tat org.openqa.selenium.remote.RemoteWebDriver.findElement(RemoteWebDriver.java:315)\r\n\tat org.openqa.selenium.support.pagefactory.DefaultElementLocator.findElement(DefaultElementLocator.java:69)\r\n\tat org.openqa.selenium.support.pagefactory.internal.LocatingElementHandler.invoke(LocatingElementHandler.java:38)\r\n\tat com.sun.proxy.$Proxy14.sendKeys(Unknown Source)\r\n\tat gmibank_team06.step_definitions.US_010_Address_StepDef.user_click_address_textbox(US_010_Address_StepDef.java:60)\r\n\tat ✽.user click address textbox(file:///C:/Users/Anulur/IdeaProjects/mytestNGframework/gmi_bank_app/src/test/resources/features/US_010_Address.feature:18)\r\n",
              "duration": 19000000,
              "status": "failed"
            },
            "line": 18,
            "name": "user click address textbox",
            "match": {
              "location": "gmibank_team06.step_definitions.US_010_Address_StepDef.user_click_address_textbox()"
            },
            "keyword": "Given "
          },
          {
            "result": {
              "duration": 1000000,
              "status": "skipped"
            },
            "line": 19,
            "name": "user leave clear textbox",
            "match": {
              "location": "gmibank_team06.step_definitions.US_010_Address_StepDef.user_leave_clear_textbox()"
            },
            "keyword": "And "
          },
          {
            "result": {
              "duration": 1000000,
              "status": "skipped"
            },
            "line": 20,
            "name": "user click save button",
            "match": {
              "location": "gmibank_team06.step_definitions.US_010_Address_StepDef.user_click_save_button()"
            },
            "keyword": "Then "
          },
          {
            "result": {
              "duration": 1000000,
              "status": "skipped"
            },
            "line": 21,
            "name": "verify error message",
            "match": {
              "location": "gmibank_team06.step_definitions.US_010_Address_StepDef.verify_error_message()"
            },
            "keyword": "Then "
          }
        ],
        "tags": [
          {
            "name": "@User_story_010"
          },
          {
            "name": "@TC_01_Address"
          }
        ]
      },
      {
        "line": 5,
        "name": "Creation page",
        "description": "",
        "type": "background",
        "keyword": "Background",
        "steps": []
      },
      {
        "start_timestamp": "2020-11-16T03:42:02.079Z",
        "line": 24,
        "name": "positive",
        "description": "",
        "id": "address;positive",
        "type": "scenario",
        "keyword": "Scenario",
        "steps": [
          {
            "result": {
              "error_message": "org.openqa.selenium.NoSuchElementException: no such element: Unable to locate element: {\"method\":\"css selector\",\"selector\":\"#tp\\-customer\\-address\"}\n  (Session info: chrome\u003d86.0.4240.198)\nFor documentation on this error, please visit: https://www.seleniumhq.org/exceptions/no_such_element.html\nBuild info: version: \u00273.141.59\u0027, revision: \u0027e82be7d358\u0027, time: \u00272018-11-14T08:17:03\u0027\nSystem info: host: \u0027DESKTOP-5RBE1CE\u0027, ip: \u0027192.168.0.16\u0027, os.name: \u0027Windows 10\u0027, os.arch: \u0027amd64\u0027, os.version: \u002710.0\u0027, java.version: \u00271.8.0_261\u0027\nDriver info: org.openqa.selenium.chrome.ChromeDriver\nCapabilities {acceptInsecureCerts: false, browserName: chrome, browserVersion: 86.0.4240.198, chrome: {chromedriverVersion: 86.0.4240.22 (398b0743353ff..., userDataDir: C:\\Users\\Anulur\\AppData\\Loc...}, goog:chromeOptions: {debuggerAddress: localhost:59760}, javascriptEnabled: true, networkConnectionEnabled: false, pageLoadStrategy: normal, platform: WINDOWS, platformName: WINDOWS, proxy: Proxy(), setWindowRect: true, strictFileInteractability: false, timeouts: {implicit: 0, pageLoad: 300000, script: 30000}, unhandledPromptBehavior: dismiss and notify, webauthn:virtualAuthenticators: true}\nSession ID: 85a394d14b6e028509b7908c324239b7\n*** Element info: {Using\u003did, value\u003dtp-customer-address}\r\n\tat sun.reflect.NativeConstructorAccessorImpl.newInstance0(Native Method)\r\n\tat sun.reflect.NativeConstructorAccessorImpl.newInstance(NativeConstructorAccessorImpl.java:62)\r\n\tat sun.reflect.DelegatingConstructorAccessorImpl.newInstance(DelegatingConstructorAccessorImpl.java:45)\r\n\tat java.lang.reflect.Constructor.newInstance(Constructor.java:423)\r\n\tat org.openqa.selenium.remote.http.W3CHttpResponseCodec.createException(W3CHttpResponseCodec.java:187)\r\n\tat org.openqa.selenium.remote.http.W3CHttpResponseCodec.decode(W3CHttpResponseCodec.java:122)\r\n\tat org.openqa.selenium.remote.http.W3CHttpResponseCodec.decode(W3CHttpResponseCodec.java:49)\r\n\tat org.openqa.selenium.remote.HttpCommandExecutor.execute(HttpCommandExecutor.java:158)\r\n\tat org.openqa.selenium.remote.service.DriverCommandExecutor.execute(DriverCommandExecutor.java:83)\r\n\tat org.openqa.selenium.remote.RemoteWebDriver.execute(RemoteWebDriver.java:552)\r\n\tat org.openqa.selenium.remote.RemoteWebDriver.findElement(RemoteWebDriver.java:323)\r\n\tat org.openqa.selenium.remote.RemoteWebDriver.findElementById(RemoteWebDriver.java:372)\r\n\tat org.openqa.selenium.By$ById.findElement(By.java:188)\r\n\tat org.openqa.selenium.remote.RemoteWebDriver.findElement(RemoteWebDriver.java:315)\r\n\tat org.openqa.selenium.support.pagefactory.DefaultElementLocator.findElement(DefaultElementLocator.java:69)\r\n\tat org.openqa.selenium.support.pagefactory.internal.LocatingElementHandler.invoke(LocatingElementHandler.java:38)\r\n\tat com.sun.proxy.$Proxy14.sendKeys(Unknown Source)\r\n\tat gmibank_team06.step_definitions.US_010_Address_StepDef.user_click_address_textbox(US_010_Address_StepDef.java:60)\r\n\tat ✽.user click address textbox(file:///C:/Users/Anulur/IdeaProjects/mytestNGframework/gmi_bank_app/src/test/resources/features/US_010_Address.feature:25)\r\n",
              "duration": 31000000,
              "status": "failed"
            },
            "line": 25,
            "name": "user click address textbox",
            "match": {
              "location": "gmibank_team06.step_definitions.US_010_Address_StepDef.user_click_address_textbox()"
            },
            "keyword": "Given "
          },
          {
            "result": {
              "status": "skipped"
            },
            "line": 26,
            "name": "user enter valid data for address",
            "match": {
              "location": "gmibank_team06.step_definitions.US_010_Address_StepDef.user_enter_valid_data_for_address()"
            },
            "keyword": "And "
          },
          {
            "result": {
              "duration": 2000000,
              "status": "skipped"
            },
            "line": 27,
            "name": "user click save button",
            "match": {
              "location": "gmibank_team06.step_definitions.US_010_Address_StepDef.user_click_save_button()"
            },
            "keyword": "Then "
          },
          {
            "result": {
              "status": "skipped"
            },
            "line": 28,
            "name": "should not see any message for address",
            "match": {
              "location": "gmibank_team06.step_definitions.US_010_Address_StepDef.should_not_see_any_message_for_address()"
            },
            "keyword": "Then "
          }
        ],
        "tags": [
          {
            "name": "@User_story_010"
          },
          {
            "name": "@TC_01_Address"
          }
        ]
      },
      {
        "line": 5,
        "name": "Creation page",
        "description": "",
        "type": "background",
        "keyword": "Background",
        "steps": []
      },
      {
        "start_timestamp": "2020-11-16T03:42:02.132Z",
        "line": 31,
        "name": "negative",
        "description": "",
        "id": "address;negative",
        "type": "scenario",
        "keyword": "Scenario",
        "steps": [
          {
            "result": {
              "error_message": "org.openqa.selenium.NoSuchElementException: no such element: Unable to locate element: {\"method\":\"css selector\",\"selector\":\"#tp\\-customer\\-address\"}\n  (Session info: chrome\u003d86.0.4240.198)\nFor documentation on this error, please visit: https://www.seleniumhq.org/exceptions/no_such_element.html\nBuild info: version: \u00273.141.59\u0027, revision: \u0027e82be7d358\u0027, time: \u00272018-11-14T08:17:03\u0027\nSystem info: host: \u0027DESKTOP-5RBE1CE\u0027, ip: \u0027192.168.0.16\u0027, os.name: \u0027Windows 10\u0027, os.arch: \u0027amd64\u0027, os.version: \u002710.0\u0027, java.version: \u00271.8.0_261\u0027\nDriver info: org.openqa.selenium.chrome.ChromeDriver\nCapabilities {acceptInsecureCerts: false, browserName: chrome, browserVersion: 86.0.4240.198, chrome: {chromedriverVersion: 86.0.4240.22 (398b0743353ff..., userDataDir: C:\\Users\\Anulur\\AppData\\Loc...}, goog:chromeOptions: {debuggerAddress: localhost:59760}, javascriptEnabled: true, networkConnectionEnabled: false, pageLoadStrategy: normal, platform: WINDOWS, platformName: WINDOWS, proxy: Proxy(), setWindowRect: true, strictFileInteractability: false, timeouts: {implicit: 0, pageLoad: 300000, script: 30000}, unhandledPromptBehavior: dismiss and notify, webauthn:virtualAuthenticators: true}\nSession ID: 85a394d14b6e028509b7908c324239b7\n*** Element info: {Using\u003did, value\u003dtp-customer-address}\r\n\tat sun.reflect.NativeConstructorAccessorImpl.newInstance0(Native Method)\r\n\tat sun.reflect.NativeConstructorAccessorImpl.newInstance(NativeConstructorAccessorImpl.java:62)\r\n\tat sun.reflect.DelegatingConstructorAccessorImpl.newInstance(DelegatingConstructorAccessorImpl.java:45)\r\n\tat java.lang.reflect.Constructor.newInstance(Constructor.java:423)\r\n\tat org.openqa.selenium.remote.http.W3CHttpResponseCodec.createException(W3CHttpResponseCodec.java:187)\r\n\tat org.openqa.selenium.remote.http.W3CHttpResponseCodec.decode(W3CHttpResponseCodec.java:122)\r\n\tat org.openqa.selenium.remote.http.W3CHttpResponseCodec.decode(W3CHttpResponseCodec.java:49)\r\n\tat org.openqa.selenium.remote.HttpCommandExecutor.execute(HttpCommandExecutor.java:158)\r\n\tat org.openqa.selenium.remote.service.DriverCommandExecutor.execute(DriverCommandExecutor.java:83)\r\n\tat org.openqa.selenium.remote.RemoteWebDriver.execute(RemoteWebDriver.java:552)\r\n\tat org.openqa.selenium.remote.RemoteWebDriver.findElement(RemoteWebDriver.java:323)\r\n\tat org.openqa.selenium.remote.RemoteWebDriver.findElementById(RemoteWebDriver.java:372)\r\n\tat org.openqa.selenium.By$ById.findElement(By.java:188)\r\n\tat org.openqa.selenium.remote.RemoteWebDriver.findElement(RemoteWebDriver.java:315)\r\n\tat org.openqa.selenium.support.pagefactory.DefaultElementLocator.findElement(DefaultElementLocator.java:69)\r\n\tat org.openqa.selenium.support.pagefactory.internal.LocatingElementHandler.invoke(LocatingElementHandler.java:38)\r\n\tat com.sun.proxy.$Proxy14.sendKeys(Unknown Source)\r\n\tat gmibank_team06.step_definitions.US_010_Address_StepDef.user_click_address_textbox(US_010_Address_StepDef.java:60)\r\n\tat ✽.user click address textbox(file:///C:/Users/Anulur/IdeaProjects/mytestNGframework/gmi_bank_app/src/test/resources/features/US_010_Address.feature:32)\r\n",
              "duration": 15000000,
              "status": "failed"
            },
            "line": 32,
            "name": "user click address textbox",
            "match": {
              "location": "gmibank_team06.step_definitions.US_010_Address_StepDef.user_click_address_textbox()"
            },
            "keyword": "Given "
          },
          {
            "result": {
              "duration": 1000000,
              "status": "skipped"
            },
            "line": 33,
            "name": "user leave clear textbox",
            "match": {
              "location": "gmibank_team06.step_definitions.US_010_Address_StepDef.user_leave_clear_textbox()"
            },
            "keyword": "And "
          },
          {
            "result": {
              "status": "skipped"
            },
            "line": 34,
            "name": "user click save button",
            "match": {
              "location": "gmibank_team06.step_definitions.US_010_Address_StepDef.user_click_save_button()"
            },
            "keyword": "Then "
          },
          {
            "result": {
              "status": "skipped"
            },
            "line": 35,
            "name": "verify error message for city",
            "match": {
              "location": "gmibank_team06.step_definitions.US_010_Address_StepDef.verify_error_message_for_city()"
            },
            "keyword": "Then "
          }
        ],
        "tags": [
          {
            "name": "@User_story_010"
          },
          {
            "name": "@TC_01_City"
          }
        ]
      },
      {
        "line": 5,
        "name": "Creation page",
        "description": "",
        "type": "background",
        "keyword": "Background",
        "steps": []
      },
      {
        "start_timestamp": "2020-11-16T03:42:02.162Z",
        "line": 38,
        "name": "positive",
        "description": "",
        "id": "address;positive",
        "type": "scenario",
        "keyword": "Scenario",
        "steps": [
          {
            "result": {
              "error_message": "org.openqa.selenium.NoSuchElementException: no such element: Unable to locate element: {\"method\":\"css selector\",\"selector\":\"#tp\\-customer\\-address\"}\n  (Session info: chrome\u003d86.0.4240.198)\nFor documentation on this error, please visit: https://www.seleniumhq.org/exceptions/no_such_element.html\nBuild info: version: \u00273.141.59\u0027, revision: \u0027e82be7d358\u0027, time: \u00272018-11-14T08:17:03\u0027\nSystem info: host: \u0027DESKTOP-5RBE1CE\u0027, ip: \u0027192.168.0.16\u0027, os.name: \u0027Windows 10\u0027, os.arch: \u0027amd64\u0027, os.version: \u002710.0\u0027, java.version: \u00271.8.0_261\u0027\nDriver info: org.openqa.selenium.chrome.ChromeDriver\nCapabilities {acceptInsecureCerts: false, browserName: chrome, browserVersion: 86.0.4240.198, chrome: {chromedriverVersion: 86.0.4240.22 (398b0743353ff..., userDataDir: C:\\Users\\Anulur\\AppData\\Loc...}, goog:chromeOptions: {debuggerAddress: localhost:59760}, javascriptEnabled: true, networkConnectionEnabled: false, pageLoadStrategy: normal, platform: WINDOWS, platformName: WINDOWS, proxy: Proxy(), setWindowRect: true, strictFileInteractability: false, timeouts: {implicit: 0, pageLoad: 300000, script: 30000}, unhandledPromptBehavior: dismiss and notify, webauthn:virtualAuthenticators: true}\nSession ID: 85a394d14b6e028509b7908c324239b7\n*** Element info: {Using\u003did, value\u003dtp-customer-address}\r\n\tat sun.reflect.NativeConstructorAccessorImpl.newInstance0(Native Method)\r\n\tat sun.reflect.NativeConstructorAccessorImpl.newInstance(NativeConstructorAccessorImpl.java:62)\r\n\tat sun.reflect.DelegatingConstructorAccessorImpl.newInstance(DelegatingConstructorAccessorImpl.java:45)\r\n\tat java.lang.reflect.Constructor.newInstance(Constructor.java:423)\r\n\tat org.openqa.selenium.remote.http.W3CHttpResponseCodec.createException(W3CHttpResponseCodec.java:187)\r\n\tat org.openqa.selenium.remote.http.W3CHttpResponseCodec.decode(W3CHttpResponseCodec.java:122)\r\n\tat org.openqa.selenium.remote.http.W3CHttpResponseCodec.decode(W3CHttpResponseCodec.java:49)\r\n\tat org.openqa.selenium.remote.HttpCommandExecutor.execute(HttpCommandExecutor.java:158)\r\n\tat org.openqa.selenium.remote.service.DriverCommandExecutor.execute(DriverCommandExecutor.java:83)\r\n\tat org.openqa.selenium.remote.RemoteWebDriver.execute(RemoteWebDriver.java:552)\r\n\tat org.openqa.selenium.remote.RemoteWebDriver.findElement(RemoteWebDriver.java:323)\r\n\tat org.openqa.selenium.remote.RemoteWebDriver.findElementById(RemoteWebDriver.java:372)\r\n\tat org.openqa.selenium.By$ById.findElement(By.java:188)\r\n\tat org.openqa.selenium.remote.RemoteWebDriver.findElement(RemoteWebDriver.java:315)\r\n\tat org.openqa.selenium.support.pagefactory.DefaultElementLocator.findElement(DefaultElementLocator.java:69)\r\n\tat org.openqa.selenium.support.pagefactory.internal.LocatingElementHandler.invoke(LocatingElementHandler.java:38)\r\n\tat com.sun.proxy.$Proxy14.sendKeys(Unknown Source)\r\n\tat gmibank_team06.step_definitions.US_010_Address_StepDef.user_click_address_textbox(US_010_Address_StepDef.java:60)\r\n\tat ✽.user click address textbox(file:///C:/Users/Anulur/IdeaProjects/mytestNGframework/gmi_bank_app/src/test/resources/features/US_010_Address.feature:39)\r\n",
              "duration": 74000000,
              "status": "failed"
            },
            "line": 39,
            "name": "user click address textbox",
            "match": {
              "location": "gmibank_team06.step_definitions.US_010_Address_StepDef.user_click_address_textbox()"
            },
            "keyword": "Given "
          },
          {
            "result": {
              "status": "skipped"
            },
            "line": 40,
            "name": "user enter valid data for city",
            "match": {
              "location": "gmibank_team06.step_definitions.US_010_Address_StepDef.user_enter_valid_data_for_city()"
            },
            "keyword": "And "
          },
          {
            "result": {
              "duration": 1000000,
              "status": "skipped"
            },
            "line": 41,
            "name": "user click save button",
            "match": {
              "location": "gmibank_team06.step_definitions.US_010_Address_StepDef.user_click_save_button()"
            },
            "keyword": "Then "
          },
          {
            "result": {
              "status": "skipped"
            },
            "line": 42,
            "name": "should not see any message for city",
            "match": {
              "location": "gmibank_team06.step_definitions.US_010_Address_StepDef.should_not_see_any_message_for_city()"
            },
            "keyword": "Then "
          }
        ],
        "tags": [
          {
            "name": "@User_story_010"
          },
          {
            "name": "@TC_01_City"
          }
        ]
      },
      {
        "line": 5,
        "name": "Creation page",
        "description": "",
        "type": "background",
        "keyword": "Background",
        "steps": []
      },
      {
        "start_timestamp": "2020-11-16T03:42:02.248Z",
        "line": 45,
        "name": "negative",
        "description": "",
        "id": "address;negative",
        "type": "scenario",
        "keyword": "Scenario",
        "steps": [
          {
            "result": {
              "error_message": "org.openqa.selenium.NoSuchElementException: no such element: Unable to locate element: {\"method\":\"css selector\",\"selector\":\"#tp\\-customer\\-address\"}\n  (Session info: chrome\u003d86.0.4240.198)\nFor documentation on this error, please visit: https://www.seleniumhq.org/exceptions/no_such_element.html\nBuild info: version: \u00273.141.59\u0027, revision: \u0027e82be7d358\u0027, time: \u00272018-11-14T08:17:03\u0027\nSystem info: host: \u0027DESKTOP-5RBE1CE\u0027, ip: \u0027192.168.0.16\u0027, os.name: \u0027Windows 10\u0027, os.arch: \u0027amd64\u0027, os.version: \u002710.0\u0027, java.version: \u00271.8.0_261\u0027\nDriver info: org.openqa.selenium.chrome.ChromeDriver\nCapabilities {acceptInsecureCerts: false, browserName: chrome, browserVersion: 86.0.4240.198, chrome: {chromedriverVersion: 86.0.4240.22 (398b0743353ff..., userDataDir: C:\\Users\\Anulur\\AppData\\Loc...}, goog:chromeOptions: {debuggerAddress: localhost:59760}, javascriptEnabled: true, networkConnectionEnabled: false, pageLoadStrategy: normal, platform: WINDOWS, platformName: WINDOWS, proxy: Proxy(), setWindowRect: true, strictFileInteractability: false, timeouts: {implicit: 0, pageLoad: 300000, script: 30000}, unhandledPromptBehavior: dismiss and notify, webauthn:virtualAuthenticators: true}\nSession ID: 85a394d14b6e028509b7908c324239b7\n*** Element info: {Using\u003did, value\u003dtp-customer-address}\r\n\tat sun.reflect.NativeConstructorAccessorImpl.newInstance0(Native Method)\r\n\tat sun.reflect.NativeConstructorAccessorImpl.newInstance(NativeConstructorAccessorImpl.java:62)\r\n\tat sun.reflect.DelegatingConstructorAccessorImpl.newInstance(DelegatingConstructorAccessorImpl.java:45)\r\n\tat java.lang.reflect.Constructor.newInstance(Constructor.java:423)\r\n\tat org.openqa.selenium.remote.http.W3CHttpResponseCodec.createException(W3CHttpResponseCodec.java:187)\r\n\tat org.openqa.selenium.remote.http.W3CHttpResponseCodec.decode(W3CHttpResponseCodec.java:122)\r\n\tat org.openqa.selenium.remote.http.W3CHttpResponseCodec.decode(W3CHttpResponseCodec.java:49)\r\n\tat org.openqa.selenium.remote.HttpCommandExecutor.execute(HttpCommandExecutor.java:158)\r\n\tat org.openqa.selenium.remote.service.DriverCommandExecutor.execute(DriverCommandExecutor.java:83)\r\n\tat org.openqa.selenium.remote.RemoteWebDriver.execute(RemoteWebDriver.java:552)\r\n\tat org.openqa.selenium.remote.RemoteWebDriver.findElement(RemoteWebDriver.java:323)\r\n\tat org.openqa.selenium.remote.RemoteWebDriver.findElementById(RemoteWebDriver.java:372)\r\n\tat org.openqa.selenium.By$ById.findElement(By.java:188)\r\n\tat org.openqa.selenium.remote.RemoteWebDriver.findElement(RemoteWebDriver.java:315)\r\n\tat org.openqa.selenium.support.pagefactory.DefaultElementLocator.findElement(DefaultElementLocator.java:69)\r\n\tat org.openqa.selenium.support.pagefactory.internal.LocatingElementHandler.invoke(LocatingElementHandler.java:38)\r\n\tat com.sun.proxy.$Proxy14.sendKeys(Unknown Source)\r\n\tat gmibank_team06.step_definitions.US_010_Address_StepDef.user_click_address_textbox(US_010_Address_StepDef.java:60)\r\n\tat ✽.user click address textbox(file:///C:/Users/Anulur/IdeaProjects/mytestNGframework/gmi_bank_app/src/test/resources/features/US_010_Address.feature:46)\r\n",
              "duration": 15000000,
              "status": "failed"
            },
            "line": 46,
            "name": "user click address textbox",
            "match": {
              "location": "gmibank_team06.step_definitions.US_010_Address_StepDef.user_click_address_textbox()"
            },
            "keyword": "Given "
          },
          {
            "result": {
              "duration": 1000000,
              "status": "skipped"
            },
            "line": 47,
            "name": "user leave clear textbox for country",
            "match": {
              "location": "gmibank_team06.step_definitions.US_010_Address_StepDef.user_leave_clear_textbox_for_country()"
            },
            "keyword": "And "
          },
          {
            "result": {
              "status": "skipped"
            },
            "line": 48,
            "name": "user click save button",
            "match": {
              "location": "gmibank_team06.step_definitions.US_010_Address_StepDef.user_click_save_button()"
            },
            "keyword": "Then "
          },
          {
            "result": {
              "duration": 1000000,
              "status": "skipped"
            },
            "line": 49,
            "name": "verify error message for country",
            "match": {
              "location": "gmibank_team06.step_definitions.US_010_Address_StepDef.verify_error_message_for_country()"
            },
            "keyword": "Then "
          }
        ],
        "tags": [
          {
            "name": "@User_story_010"
          },
          {
            "name": "@TC_01_Country"
          }
        ]
      },
      {
        "line": 5,
        "name": "Creation page",
        "description": "",
        "type": "background",
        "keyword": "Background",
        "steps": []
      },
      {
        "start_timestamp": "2020-11-16T03:42:02.284Z",
        "line": 52,
        "name": "negative",
        "description": "",
        "id": "address;negative",
        "type": "scenario",
        "keyword": "Scenario",
        "steps": [
          {
            "result": {
              "error_message": "org.openqa.selenium.NoSuchElementException: no such element: Unable to locate element: {\"method\":\"css selector\",\"selector\":\"#tp\\-customer\\-address\"}\n  (Session info: chrome\u003d86.0.4240.198)\nFor documentation on this error, please visit: https://www.seleniumhq.org/exceptions/no_such_element.html\nBuild info: version: \u00273.141.59\u0027, revision: \u0027e82be7d358\u0027, time: \u00272018-11-14T08:17:03\u0027\nSystem info: host: \u0027DESKTOP-5RBE1CE\u0027, ip: \u0027192.168.0.16\u0027, os.name: \u0027Windows 10\u0027, os.arch: \u0027amd64\u0027, os.version: \u002710.0\u0027, java.version: \u00271.8.0_261\u0027\nDriver info: org.openqa.selenium.chrome.ChromeDriver\nCapabilities {acceptInsecureCerts: false, browserName: chrome, browserVersion: 86.0.4240.198, chrome: {chromedriverVersion: 86.0.4240.22 (398b0743353ff..., userDataDir: C:\\Users\\Anulur\\AppData\\Loc...}, goog:chromeOptions: {debuggerAddress: localhost:59760}, javascriptEnabled: true, networkConnectionEnabled: false, pageLoadStrategy: normal, platform: WINDOWS, platformName: WINDOWS, proxy: Proxy(), setWindowRect: true, strictFileInteractability: false, timeouts: {implicit: 0, pageLoad: 300000, script: 30000}, unhandledPromptBehavior: dismiss and notify, webauthn:virtualAuthenticators: true}\nSession ID: 85a394d14b6e028509b7908c324239b7\n*** Element info: {Using\u003did, value\u003dtp-customer-address}\r\n\tat sun.reflect.NativeConstructorAccessorImpl.newInstance0(Native Method)\r\n\tat sun.reflect.NativeConstructorAccessorImpl.newInstance(NativeConstructorAccessorImpl.java:62)\r\n\tat sun.reflect.DelegatingConstructorAccessorImpl.newInstance(DelegatingConstructorAccessorImpl.java:45)\r\n\tat java.lang.reflect.Constructor.newInstance(Constructor.java:423)\r\n\tat org.openqa.selenium.remote.http.W3CHttpResponseCodec.createException(W3CHttpResponseCodec.java:187)\r\n\tat org.openqa.selenium.remote.http.W3CHttpResponseCodec.decode(W3CHttpResponseCodec.java:122)\r\n\tat org.openqa.selenium.remote.http.W3CHttpResponseCodec.decode(W3CHttpResponseCodec.java:49)\r\n\tat org.openqa.selenium.remote.HttpCommandExecutor.execute(HttpCommandExecutor.java:158)\r\n\tat org.openqa.selenium.remote.service.DriverCommandExecutor.execute(DriverCommandExecutor.java:83)\r\n\tat org.openqa.selenium.remote.RemoteWebDriver.execute(RemoteWebDriver.java:552)\r\n\tat org.openqa.selenium.remote.RemoteWebDriver.findElement(RemoteWebDriver.java:323)\r\n\tat org.openqa.selenium.remote.RemoteWebDriver.findElementById(RemoteWebDriver.java:372)\r\n\tat org.openqa.selenium.By$ById.findElement(By.java:188)\r\n\tat org.openqa.selenium.remote.RemoteWebDriver.findElement(RemoteWebDriver.java:315)\r\n\tat org.openqa.selenium.support.pagefactory.DefaultElementLocator.findElement(DefaultElementLocator.java:69)\r\n\tat org.openqa.selenium.support.pagefactory.internal.LocatingElementHandler.invoke(LocatingElementHandler.java:38)\r\n\tat com.sun.proxy.$Proxy14.sendKeys(Unknown Source)\r\n\tat gmibank_team06.step_definitions.US_010_Address_StepDef.user_click_address_textbox(US_010_Address_StepDef.java:60)\r\n\tat ✽.user click address textbox(file:///C:/Users/Anulur/IdeaProjects/mytestNGframework/gmi_bank_app/src/test/resources/features/US_010_Address.feature:53)\r\n",
              "duration": 39000000,
              "status": "failed"
            },
            "line": 53,
            "name": "user click address textbox",
            "match": {
              "location": "gmibank_team06.step_definitions.US_010_Address_StepDef.user_click_address_textbox()"
            },
            "keyword": "Given "
          },
          {
            "result": {
              "status": "skipped"
            },
            "line": 54,
            "name": "user leave clear textbox for state",
            "match": {
              "location": "gmibank_team06.step_definitions.US_010_Address_StepDef.user_leave_clear_textbox_for_state()"
            },
            "keyword": "And "
          },
          {
            "result": {
              "duration": 1000000,
              "status": "skipped"
            },
            "line": 55,
            "name": "user click save button",
            "match": {
              "location": "gmibank_team06.step_definitions.US_010_Address_StepDef.user_click_save_button()"
            },
            "keyword": "Then "
          },
          {
            "result": {
              "duration": 1000000,
              "status": "skipped"
            },
            "line": 56,
            "name": "verify error message for state",
            "match": {
              "location": "gmibank_team06.step_definitions.US_010_Address_StepDef.verify_error_message_for_state()"
            },
            "keyword": "Then "
          }
        ],
        "tags": [
          {
            "name": "@User_story_010"
          },
          {
            "name": "@TC_01_State"
          }
        ]
      },
      {
        "line": 5,
        "name": "Creation page",
        "description": "",
        "type": "background",
        "keyword": "Background",
        "steps": []
      },
      {
        "start_timestamp": "2020-11-16T03:42:02.340Z",
        "line": 59,
        "name": "positive",
        "description": "",
        "id": "address;positive",
        "type": "scenario",
        "keyword": "Scenario",
        "steps": [
          {
            "result": {
              "error_message": "org.openqa.selenium.NoSuchElementException: no such element: Unable to locate element: {\"method\":\"css selector\",\"selector\":\"#tp\\-customer\\-address\"}\n  (Session info: chrome\u003d86.0.4240.198)\nFor documentation on this error, please visit: https://www.seleniumhq.org/exceptions/no_such_element.html\nBuild info: version: \u00273.141.59\u0027, revision: \u0027e82be7d358\u0027, time: \u00272018-11-14T08:17:03\u0027\nSystem info: host: \u0027DESKTOP-5RBE1CE\u0027, ip: \u0027192.168.0.16\u0027, os.name: \u0027Windows 10\u0027, os.arch: \u0027amd64\u0027, os.version: \u002710.0\u0027, java.version: \u00271.8.0_261\u0027\nDriver info: org.openqa.selenium.chrome.ChromeDriver\nCapabilities {acceptInsecureCerts: false, browserName: chrome, browserVersion: 86.0.4240.198, chrome: {chromedriverVersion: 86.0.4240.22 (398b0743353ff..., userDataDir: C:\\Users\\Anulur\\AppData\\Loc...}, goog:chromeOptions: {debuggerAddress: localhost:59760}, javascriptEnabled: true, networkConnectionEnabled: false, pageLoadStrategy: normal, platform: WINDOWS, platformName: WINDOWS, proxy: Proxy(), setWindowRect: true, strictFileInteractability: false, timeouts: {implicit: 0, pageLoad: 300000, script: 30000}, unhandledPromptBehavior: dismiss and notify, webauthn:virtualAuthenticators: true}\nSession ID: 85a394d14b6e028509b7908c324239b7\n*** Element info: {Using\u003did, value\u003dtp-customer-address}\r\n\tat sun.reflect.NativeConstructorAccessorImpl.newInstance0(Native Method)\r\n\tat sun.reflect.NativeConstructorAccessorImpl.newInstance(NativeConstructorAccessorImpl.java:62)\r\n\tat sun.reflect.DelegatingConstructorAccessorImpl.newInstance(DelegatingConstructorAccessorImpl.java:45)\r\n\tat java.lang.reflect.Constructor.newInstance(Constructor.java:423)\r\n\tat org.openqa.selenium.remote.http.W3CHttpResponseCodec.createException(W3CHttpResponseCodec.java:187)\r\n\tat org.openqa.selenium.remote.http.W3CHttpResponseCodec.decode(W3CHttpResponseCodec.java:122)\r\n\tat org.openqa.selenium.remote.http.W3CHttpResponseCodec.decode(W3CHttpResponseCodec.java:49)\r\n\tat org.openqa.selenium.remote.HttpCommandExecutor.execute(HttpCommandExecutor.java:158)\r\n\tat org.openqa.selenium.remote.service.DriverCommandExecutor.execute(DriverCommandExecutor.java:83)\r\n\tat org.openqa.selenium.remote.RemoteWebDriver.execute(RemoteWebDriver.java:552)\r\n\tat org.openqa.selenium.remote.RemoteWebDriver.findElement(RemoteWebDriver.java:323)\r\n\tat org.openqa.selenium.remote.RemoteWebDriver.findElementById(RemoteWebDriver.java:372)\r\n\tat org.openqa.selenium.By$ById.findElement(By.java:188)\r\n\tat org.openqa.selenium.remote.RemoteWebDriver.findElement(RemoteWebDriver.java:315)\r\n\tat org.openqa.selenium.support.pagefactory.DefaultElementLocator.findElement(DefaultElementLocator.java:69)\r\n\tat org.openqa.selenium.support.pagefactory.internal.LocatingElementHandler.invoke(LocatingElementHandler.java:38)\r\n\tat com.sun.proxy.$Proxy14.sendKeys(Unknown Source)\r\n\tat gmibank_team06.step_definitions.US_010_Address_StepDef.user_click_address_textbox(US_010_Address_StepDef.java:60)\r\n\tat ✽.user click address textbox(file:///C:/Users/Anulur/IdeaProjects/mytestNGframework/gmi_bank_app/src/test/resources/features/US_010_Address.feature:60)\r\n",
              "duration": 57000000,
              "status": "failed"
            },
            "line": 60,
            "name": "user click address textbox",
            "match": {
              "location": "gmibank_team06.step_definitions.US_010_Address_StepDef.user_click_address_textbox()"
            },
            "keyword": "Given "
          },
          {
            "result": {
              "duration": 1000000,
              "status": "skipped"
            },
            "line": 61,
            "name": "user enter valid data for state",
            "match": {
              "location": "gmibank_team06.step_definitions.US_010_Address_StepDef.user_enter_valid_data_for_state()"
            },
            "keyword": "And "
          },
          {
            "result": {
              "duration": 1000000,
              "status": "skipped"
            },
            "line": 62,
            "name": "user click save button",
            "match": {
              "location": "gmibank_team06.step_definitions.US_010_Address_StepDef.user_click_save_button()"
            },
            "keyword": "Then "
          }
        ],
        "tags": [
          {
            "name": "@User_story_010"
          },
          {
            "name": "@TC_01_State"
          }
        ]
      }
    ],
    "name": "Address",
    "description": "",
    "id": "address",
    "keyword": "Feature",
    "uri": "file:src/test/resources/features/US_010_Address.feature",
    "tags": [
      {
        "name": "@User_story_010",
        "type": "Tag",
        "location": {
          "line": 1,
          "column": 1
        }
      }
    ]
  }
]